[debug] [2021-07-08T09:43:14.386Z] ----------------------------------------------------------------------
[debug] [2021-07-08T09:43:14.389Z] Command:       C:\Program Files\nodejs\node.exe C:\Users\HP\AppData\Roaming\npm\node_modules\firebase-tools\lib\bin\firebase.js init
[debug] [2021-07-08T09:43:14.390Z] CLI Version:   9.14.0
[debug] [2021-07-08T09:43:14.390Z] Platform:      win32
[debug] [2021-07-08T09:43:14.390Z] Node Version:  v14.15.4
[debug] [2021-07-08T09:43:14.391Z] Time:          Thu Jul 08 2021 12:43:14 GMT+0300 (Москва, стандартное время)
[debug] [2021-07-08T09:43:14.392Z] ----------------------------------------------------------------------
[debug] 
[debug] [2021-07-08T09:43:14.394Z] >>> [apiv2][query] GET https://firebase-public.firebaseio.com/cli.json [none]
[debug] [2021-07-08T09:43:14.421Z] > command requires scopes: ["email","openid","https://www.googleapis.com/auth/cloudplatformprojects.readonly","https://www.googleapis.com/auth/firebase","https://www.googleapis.com/auth/cloud-platform"]
[debug] [2021-07-08T09:43:14.422Z] > authorizing via signed-in user (navigatorcover@gmail.com)
[info] 
     ######## #### ########  ######## ########     ###     ######  ########
     ##        ##  ##     ## ##       ##     ##  ##   ##  ##       ##
     ######    ##  ########  ######   ########  #########  ######  ######
     ##        ##  ##    ##  ##       ##     ## ##     ##       ## ##
     ##       #### ##     ## ######## ########  ##     ##  ######  ########

You're about to initialize a Firebase project in this directory:

  D:\GIT\Diploma_TMS\diploma

Before we get started, keep in mind:

  * You are initializing within an existing Firebase project directory

[debug] [2021-07-08T09:43:15.172Z] <<< [apiv2][status] GET https://firebase-public.firebaseio.com/cli.json 200
[debug] [2021-07-08T09:43:15.173Z] <<< [apiv2][body] GET https://firebase-public.firebaseio.com/cli.json {"cloudBuildErrorAfter":1594252800000,"cloudBuildWarnAfter":1590019200000,"defaultNode10After":1594252800000,"minVersion":"3.0.5","node8DeploysDisabledAfter":1613390400000,"node8RuntimeDisabledAfter":1615809600000,"node8WarnAfter":1600128000000}
[debug] [2021-07-08T11:25:27.383Z] ----------------------------------------------------------------------
[debug] [2021-07-08T11:25:27.386Z] Command:       C:\Program Files\nodejs\node.exe C:\Users\HP\AppData\Roaming\npm\node_modules\firebase-tools\lib\bin\firebase.js init
[debug] [2021-07-08T11:25:27.387Z] CLI Version:   9.14.0
[debug] [2021-07-08T11:25:27.387Z] Platform:      win32
[debug] [2021-07-08T11:25:27.387Z] Node Version:  v14.15.4
[debug] [2021-07-08T11:25:27.388Z] Time:          Thu Jul 08 2021 14:25:27 GMT+0300 (Москва, стандартное время)
[debug] [2021-07-08T11:25:27.389Z] ----------------------------------------------------------------------
[debug] 
[debug] [2021-07-08T11:25:27.400Z] > command requires scopes: ["email","openid","https://www.googleapis.com/auth/cloudplatformprojects.readonly","https://www.googleapis.com/auth/firebase","https://www.googleapis.com/auth/cloud-platform"]
[debug] [2021-07-08T11:25:27.400Z] > authorizing via signed-in user (navigatorcover@gmail.com)
[info] 
     ######## #### ########  ######## ########     ###     ######  ########
     ##        ##  ##     ## ##       ##     ##  ##   ##  ##       ##
     ######    ##  ########  ######   ########  #########  ######  ######
     ##        ##  ##    ##  ##       ##     ## ##     ##       ## ##
     ##       #### ##     ## ######## ########  ##     ##  ######  ########

You're about to initialize a Firebase project in this directory:

  D:\GIT\Diploma_TMS\diploma

Before we get started, keep in mind:

  * You are initializing within an existing Firebase project directory

